<?xml version="1.0" encoding="UTF-8"?>
<!-- Generated by org.testng.reporters.JUnitReportReporter -->
<testsuite hostname="LAPTOP-J5E37TJF" failures="0" tests="3" name="test.LoginTest" time="3.399" errors="0" timestamp="2022-08-25T11:05:35 IST" skipped="0">
  <testcase classname="test.LoginTest" name="verifyUrlOfPage" time="0.022"/>
  <system-out/>
  <testcase classname="test.LoginTest" name="verifyLoginPageIsDisplayed" time="0.339"/>
  <system-out/>
  <testcase classname="test.LoginTest" name="verifyLogin" time="3.038"/>
  <system-out/>
</testsuite> <!-- test.LoginTest -->
