<?xml version="1.0" encoding="UTF-8"?>
<!-- Generated by org.testng.reporters.JUnitReportReporter -->
<testsuite hostname="LAPTOP-J5E37TJF" failures="0" tests="2" name="test.PimTest" time="3.006" errors="0" timestamp="2022-08-25T11:05:35 IST" skipped="0">
  <testcase classname="test.PimTest" name="verifyPimPage" time="2.825"/>
  <system-out/>
  <testcase classname="test.PimTest" name="verifyIdCheckBoxIsSelected" time="0.181"/>
  <system-out/>
</testsuite> <!-- test.PimTest -->
